<?xml version="1.0" encoding="UTF-8"?>
<!-- Generated by org.testng.reporters.JUnitReportReporter -->
<testsuite hostname="DESKTOP-FMD0MML" failures="0" tests="2" name="com.Test.TestClass" time="13.081" errors="0" timestamp="2022-09-03T17:11:52 IST" skipped="0">
  <testcase classname="com.Test.TestClass" name="verifyBikeLight" time="7.169"/>
  <system-out/>
  <testcase classname="com.Test.TestClass" name="verifyBagPack" time="5.912"/>
  <system-out/>
</testsuite> <!-- com.Test.TestClass -->
